
  .   ____          _            __ _ _
 /\\ / ___'_ __ _ _(_)_ __  __ _ \ \ \ \
( ( )\___ | '_ | '_| | '_ \/ _` | \ \ \ \
 \\/  ___)| |_)| | | | | || (_| |  ) ) ) )
  '  |____| .__|_| |_|_| |_\__, | / / / /
 =========|_|==============|___/=/_/_/_/
 :: Spring Boot ::               (v2.7.18)

2026-07-22 12:45:54.197  INFO 28524 --- [           main] com.samlong.SamlongApplication           : Starting SamlongApplication v1.0.0 using Java 1.8.0_422 on DESKTOP-GS76IUE with PID 28524 (J:\Ô˝ÄĎµç¶Żłµ\backend\target\samlong-api-1.0.0.jar started by 97971 in J:\Ô˝ÄĎµç¶Żłµ)
2026-07-22 12:45:54.199  INFO 28524 --- [           main] com.samlong.SamlongApplication           : No active profile set, falling back to 1 default profile: "default"
2026-07-22 12:45:54.788  INFO 28524 --- [           main] .s.d.r.c.RepositoryConfigurationDelegate : Bootstrapping Spring Data JPA repositories in DEFAULT mode.
2026-07-22 12:45:54.833  INFO 28524 --- [           main] .s.d.r.c.RepositoryConfigurationDelegate : Finished Spring Data repository scanning in 36 ms. Found 6 JPA repository interfaces.
2026-07-22 12:45:55.515  INFO 28524 --- [           main] o.s.b.w.embedded.tomcat.TomcatWebServer  : Tomcat initialized with port(s): 8080 (http)
2026-07-22 12:45:55.525  INFO 28524 --- [           main] o.apache.catalina.core.StandardService   : Starting service [Tomcat]
2026-07-22 12:45:55.526  INFO 28524 --- [           main] org.apache.catalina.core.StandardEngine  : Starting Servlet engine: [Apache Tomcat/9.0.83]
2026-07-22 12:45:55.583  INFO 28524 --- [           main] o.a.c.c.C.[Tomcat].[localhost].[/]       : Initializing Spring embedded WebApplicationContext
2026-07-22 12:45:55.583  INFO 28524 --- [           main] w.s.c.ServletWebServerApplicationContext : Root WebApplicationContext: initialization completed in 1355 ms
2026-07-22 12:45:55.840  INFO 28524 --- [           main] com.zaxxer.hikari.HikariDataSource       : HikariPool-1 - Starting...
2026-07-22 12:45:55.993  INFO 28524 --- [           main] com.zaxxer.hikari.HikariDataSource       : HikariPool-1 - Start completed.
2026-07-22 12:45:56.067  INFO 28524 --- [           main] o.f.c.internal.license.VersionPrinter    : Flyway Community Edition 9.22.3 by Redgate
2026-07-22 12:45:56.067  INFO 28524 --- [           main] o.f.c.internal.license.VersionPrinter    : See release notes here: https://rd.gt/416ObMi
2026-07-22 12:45:56.067  INFO 28524 --- [           main] o.f.c.internal.license.VersionPrinter    : 
2026-07-22 12:45:56.086  INFO 28524 --- [           main] org.flywaydb.core.FlywayExecutor         : Database: jdbc:mysql://localhost:3306/samlong (MySQL 8.0)
2026-07-22 12:45:56.138  INFO 28524 --- [           main] o.f.core.internal.command.DbValidate     : Successfully validated 7 migrations (execution time 00:00.023s)
2026-07-22 12:45:56.148  INFO 28524 --- [           main] o.f.core.internal.command.DbMigrate      : Current version of schema `samlong`: 7
2026-07-22 12:45:56.148  INFO 28524 --- [           main] o.f.core.internal.command.DbMigrate      : Schema `samlong` is up to date. No migration necessary.
2026-07-22 12:45:56.188  INFO 28524 --- [           main] o.hibernate.jpa.internal.util.LogHelper  : HHH000204: Processing PersistenceUnitInfo [name: default]
2026-07-22 12:45:56.222  INFO 28524 --- [           main] org.hibernate.Version                    : HHH000412: Hibernate ORM core version 5.6.15.Final
2026-07-22 12:45:56.328  INFO 28524 --- [           main] o.hibernate.annotations.common.Version   : HCANN000001: Hibernate Commons Annotations {5.1.2.Final}
2026-07-22 12:45:56.406  INFO 28524 --- [           main] org.hibernate.dialect.Dialect            : HHH000400: Using dialect: org.hibernate.dialect.MySQL8Dialect
2026-07-22 12:45:56.990  INFO 28524 --- [           main] o.h.e.t.j.p.i.JtaPlatformInitiator       : HHH000490: Using JtaPlatform implementation: [org.hibernate.engine.transaction.jta.platform.internal.NoJtaPlatform]
2026-07-22 12:45:56.999  INFO 28524 --- [           main] j.LocalContainerEntityManagerFactoryBean : Initialized JPA EntityManagerFactory for persistence unit 'default'
2026-07-22 12:45:57.619  INFO 28524 --- [           main] o.s.s.web.DefaultSecurityFilterChain     : Will secure any request with [org.springframework.security.web.session.DisableEncodeUrlFilter@21ec5d87, org.springframework.security.web.context.request.async.WebAsyncManagerIntegrationFilter@25f9407e, org.springframework.security.web.context.SecurityContextPersistenceFilter@66971f6b, org.springframework.security.web.header.HeaderWriterFilter@5471388b, org.springframework.web.filter.CorsFilter@552518c3, org.springframework.security.web.csrf.CsrfFilter@2f08c4b, org.springframework.security.web.authentication.logout.LogoutFilter@47289387, org.springframework.security.web.authentication.UsernamePasswordAuthenticationFilter@6cea706c, org.springframework.security.web.savedrequest.RequestCacheAwareFilter@517bd097, org.springframework.security.web.servletapi.SecurityContextHolderAwareRequestFilter@4a9cc6cb, org.springframework.security.web.authentication.AnonymousAuthenticationFilter@1a69561c, org.springframework.security.web.session.SessionManagementFilter@1601e47, org.springframework.security.web.access.ExceptionTranslationFilter@49f5c307, org.springframework.security.web.access.intercept.FilterSecurityInterceptor@48c40605]
2026-07-22 12:45:58.030  INFO 28524 --- [           main] o.s.b.a.e.web.EndpointLinksResolver      : Exposing 3 endpoint(s) beneath base path '/actuator'
2026-07-22 12:45:58.077  INFO 28524 --- [           main] o.s.b.w.embedded.tomcat.TomcatWebServer  : Tomcat started on port(s): 8080 (http) with context path ''
2026-07-22 12:45:58.089  INFO 28524 --- [           main] com.samlong.SamlongApplication           : Started SamlongApplication in 4.161 seconds (JVM running for 4.449)
2026-07-22 12:46:08.762  INFO 28524 --- [nio-8080-exec-1] o.a.c.c.C.[Tomcat].[localhost].[/]       : Initializing Spring DispatcherServlet 'dispatcherServlet'
2026-07-22 12:46:08.762  INFO 28524 --- [nio-8080-exec-1] o.s.web.servlet.DispatcherServlet        : Initializing Servlet 'dispatcherServlet'
2026-07-22 12:46:08.764  INFO 28524 --- [nio-8080-exec-1] o.s.web.servlet.DispatcherServlet        : Completed initialization in 1 ms
